\BOOKMARK [0][-]{figure.caption.1}{Abstract}{}% 1
\BOOKMARK [0][-]{chapter.1}{Introduction}{}% 2
\BOOKMARK [1][-]{section.1.1}{Calcium Signalling}{chapter.1}% 3
\BOOKMARK [2][-]{subsection.1.1.1}{Encoding and decoding Ca2+ Patterns}{section.1.1}% 4
\BOOKMARK [1][-]{section.1.2}{How do we generate spike sequences?}{chapter.1}% 5
\BOOKMARK [2][-]{subsection.1.2.1}{Calcium Signalling Models}{section.1.2}% 6
\BOOKMARK [2][-]{subsection.1.2.2}{Ca2+ oscillation modelling}{section.1.2}% 7
\BOOKMARK [2][-]{subsection.1.2.3}{Ca2+ waves}{section.1.2}% 8
\BOOKMARK [2][-]{subsection.1.2.4}{Stochastic Models}{section.1.2}% 9
\BOOKMARK [0][-]{chapter.2}{Model and Bayesian Inference}{}% 10
\BOOKMARK [1][-]{section.2.1}{The model}{chapter.2}% 11
\BOOKMARK [1][-]{section.2.2}{Simulating Spikes}{chapter.2}% 12
\BOOKMARK [1][-]{section.2.3}{Bayesian Inference }{chapter.2}% 13
\BOOKMARK [1][-]{section.2.4}{Bayesian Computation}{chapter.2}% 14
\BOOKMARK [2][-]{subsection.2.4.1}{Simple Model}{section.2.4}% 15
\BOOKMARK [2][-]{subsection.2.4.2}{Piecewise Constant Prior }{section.2.4}% 16
\BOOKMARK [2][-]{subsection.2.4.3}{Gaussian Process Prior}{section.2.4}% 17
\BOOKMARK [2][-]{subsection.2.4.4}{Updating ISI Parameter}{section.2.4}% 18
\BOOKMARK [1][-]{section.2.5}{Model Assessment}{chapter.2}% 19
\BOOKMARK [1][-]{section.2.6}{Example with simulated data}{chapter.2}% 20
\BOOKMARK [0][-]{chapter.3}{Non-trivial Model Properties}{}% 21
\BOOKMARK [1][-]{section.3.1}{ISI Distribution}{chapter.3}% 22
\BOOKMARK [2][-]{subsection.3.1.1}{Non-Identifiability issues with two parameter ISI distributions}{section.3.1}% 23
\BOOKMARK [2][-]{subsection.3.1.2}{Choosing one-parameter ISI distributions}{section.3.1}% 24
\BOOKMARK [2][-]{subsection.3.1.3}{Gamma distribution}{section.3.1}% 25
\BOOKMARK [2][-]{subsection.3.1.4}{Inverse Gaussian distribution}{section.3.1}% 26
\BOOKMARK [2][-]{subsection.3.1.5}{Log Normal distribution}{section.3.1}% 27
\BOOKMARK [2][-]{subsection.3.1.6}{Weibull distribution}{section.3.1}% 28
\BOOKMARK [1][-]{section.3.2}{Speed of the GP}{chapter.3}% 29
\BOOKMARK [2][-]{subsection.3.2.1}{Projection}{section.3.2}% 30
\BOOKMARK [2][-]{subsection.3.2.2}{Spectral representation}{section.3.2}% 31
\BOOKMARK [1][-]{section.3.3}{Estimating Length Scale}{chapter.3}% 32
\BOOKMARK [0][-]{chapter.4}{Refractory Period}{}% 33
\BOOKMARK [1][-]{subsection.4.0.1}{How it affects the model}{chapter.4}% 34
\BOOKMARK [2][-]{subsection.4.0.2}{Estimating Tmin}{subsection.4.0.1}% 35
\BOOKMARK [0][-]{chapter.5}{Application to Real Data}{}% 36
\BOOKMARK [1][-]{section.5.1}{Section}{chapter.5}% 37
\BOOKMARK [0][-]{chapter.6}{Conclusion}{}% 38
\BOOKMARK [1][-]{subsection.6.0.1}{Web application for simulating spikes}{chapter.6}% 39
\BOOKMARK [2][-]{subsection.6.0.2}{Web application for viewing/analysing raw data}{subsection.6.0.1}% 40
